0 info it worked if it ends with ok
1 verbose cli [ 'C:\\Program Files\\nodejs\\node.exe',
1 verbose cli   'C:\\Program Files\\nodejs\\node_modules\\npm\\bin\\npm-cli.js',
1 verbose cli   'install' ]
2 info using npm@2.14.12
3 info using node@v4.3.2
4 verbose readDependencies loading dependencies from D:\Git\qmtrip\package.json
5 verbose install where, deps [ 'D:\\Git\\qmtrip',
5 verbose install   [ 'app-module-path',
5 verbose install     'bindings',
5 verbose install     'bluebird',
5 verbose install     'body-parser',
5 verbose install     'callsite',
5 verbose install     'co',
5 verbose install     'colors',
5 verbose install     'connect-timeout',
5 verbose install     'cookie-parser',
5 verbose install     'dnode',
5 verbose install     'exif-js',
5 verbose install     'exif-orient',
5 verbose install     'express',
5 verbose install     'formidable',
5 verbose install     'hidpi-canvas',
5 verbose install     'js-format',
5 verbose install     'lodash',
5 verbose install     'lunar-calendar',
5 verbose install     'moment',
5 verbose install     'morgan',
5 verbose install     'nan',
5 verbose install     'node-schedule',
5 verbose install     'node-uuid',
5 verbose install     'node-xlsx',
5 verbose install     'nodemailer',
5 verbose install     'pg',
5 verbose install     'pg-hstore',
5 verbose install     'pg-promise',
5 verbose install     'q',
5 verbose install     'reconnect-core',
5 verbose install     'redis',
5 verbose install     'request',
5 verbose install     'sequelize',
5 verbose install     'serve-favicon',
5 verbose install     'shoe',
5 verbose install     'tiny-cookie',
5 verbose install     'traverse',
5 verbose install     'typescript',
5 verbose install     'typescript-require',
5 verbose install     'weak',
5 verbose install     'wechat-oauth',
5 verbose install     'angular',
5 verbose install     'angular-file-upload',
5 verbose install     'angular-route',
5 verbose install     'angular-sanitize',
5 verbose install     'angular-touch',
5 verbose install     'angular-ui-router',
5 verbose install     'arale-qrcode',
5 verbose install     'bootstrap',
5 verbose install     'browser-resolve',
5 verbose install     'browserify',
5 verbose install     'del',
5 verbose install     'glob',
5 verbose install     'gulp',
5 verbose install     'gulp-eslint',
5 verbose install     'gulp-filter',
5 verbose install     'gulp-gzip',
5 verbose install     'gulp-less-sourcemap',
5 verbose install     'gulp-nodemon',
5 verbose install     'gulp-sourcemaps',
5 verbose install     'gulp-streamify',
5 verbose install     'gulp-tar',
5 verbose install     'gulp-uglify',
5 verbose install     'gulp-util',
5 verbose install     'gulp-watch',
5 verbose install     'gulp-yuidoc',
5 verbose install     'jquery',
5 verbose install     'jquery-ui',
5 verbose install     'lessify',
5 verbose install     'md5',
5 verbose install     'notie',
5 verbose install     'stringify',
5 verbose install     'swiper',
5 verbose install     'through2',
5 verbose install     'vinyl-buffer',
5 verbose install     'vinyl-source-stream',
5 verbose install     'watchify',
5 verbose install     'ws',
5 verbose install     'yargs' ] ]
6 verbose install where, peers [ 'D:\\Git\\qmtrip', [] ]
7 verbose installManyTop reading for lifecycle D:\Git\qmtrip\package.json
8 info preinstall qmtrip@0.0.1
9 verbose installManyTop reading scoped package data from D:\Git\qmtrip\node_modules\angular\package.json
10 verbose installManyTop reading scoped package data from D:\Git\qmtrip\node_modules\angular-file-upload\package.json
11 verbose installManyTop reading scoped package data from D:\Git\qmtrip\node_modules\angular-route\package.json
12 verbose installManyTop reading scoped package data from D:\Git\qmtrip\node_modules\angular-sanitize\package.json
13 verbose installManyTop reading scoped package data from D:\Git\qmtrip\node_modules\angular-touch\package.json
14 verbose installManyTop reading scoped package data from D:\Git\qmtrip\node_modules\angular-ui-router\package.json
15 verbose installManyTop reading scoped package data from D:\Git\qmtrip\node_modules\app-module-path\package.json
16 verbose installManyTop reading scoped package data from D:\Git\qmtrip\node_modules\arale-qrcode\package.json
17 verbose installManyTop reading scoped package data from D:\Git\qmtrip\node_modules\bindings\package.json
18 verbose installManyTop reading scoped package data from D:\Git\qmtrip\node_modules\bluebird\package.json
19 verbose installManyTop reading scoped package data from D:\Git\qmtrip\node_modules\body-parser\package.json
20 verbose installManyTop reading scoped package data from D:\Git\qmtrip\node_modules\bootstrap\package.json
21 verbose installManyTop reading scoped package data from D:\Git\qmtrip\node_modules\browser-resolve\package.json
22 verbose installManyTop reading scoped package data from D:\Git\qmtrip\node_modules\browserify\package.json
23 verbose installManyTop reading scoped package data from D:\Git\qmtrip\node_modules\bufferutil\package.json
24 verbose installManyTop reading scoped package data from D:\Git\qmtrip\node_modules\callsite\package.json
25 verbose installManyTop reading scoped package data from D:\Git\qmtrip\node_modules\co\package.json
26 verbose installManyTop reading scoped package data from D:\Git\qmtrip\node_modules\colors\package.json
27 verbose installManyTop reading scoped package data from D:\Git\qmtrip\node_modules\connect-timeout\package.json
28 verbose installManyTop reading scoped package data from D:\Git\qmtrip\node_modules\cookie-parser\package.json
29 verbose installManyTop reading scoped package data from D:\Git\qmtrip\node_modules\del\package.json
30 verbose installManyTop reading scoped package data from D:\Git\qmtrip\node_modules\dnode\package.json
31 verbose installManyTop reading scoped package data from D:\Git\qmtrip\node_modules\exif-js\package.json
32 verbose installManyTop reading scoped package data from D:\Git\qmtrip\node_modules\exif-orient\package.json
33 verbose installManyTop reading scoped package data from D:\Git\qmtrip\node_modules\express\package.json
34 verbose installManyTop reading scoped package data from D:\Git\qmtrip\node_modules\formidable\package.json
35 verbose installManyTop reading scoped package data from D:\Git\qmtrip\node_modules\glob\package.json
36 verbose installManyTop reading scoped package data from D:\Git\qmtrip\node_modules\gulp\package.json
37 verbose installManyTop reading scoped package data from D:\Git\qmtrip\node_modules\gulp-eslint\package.json
38 verbose installManyTop reading scoped package data from D:\Git\qmtrip\node_modules\gulp-filter\package.json
39 verbose installManyTop reading scoped package data from D:\Git\qmtrip\node_modules\gulp-gzip\package.json
40 verbose installManyTop reading scoped package data from D:\Git\qmtrip\node_modules\gulp-less-sourcemap\package.json
41 verbose installManyTop reading scoped package data from D:\Git\qmtrip\node_modules\gulp-nodemon\package.json
42 verbose installManyTop reading scoped package data from D:\Git\qmtrip\node_modules\gulp-sourcemaps\package.json
43 verbose installManyTop reading scoped package data from D:\Git\qmtrip\node_modules\gulp-streamify\package.json
44 verbose installManyTop reading scoped package data from D:\Git\qmtrip\node_modules\gulp-tar\package.json
45 verbose installManyTop reading scoped package data from D:\Git\qmtrip\node_modules\gulp-uglify\package.json
46 verbose installManyTop reading scoped package data from D:\Git\qmtrip\node_modules\gulp-util\package.json
47 verbose installManyTop reading scoped package data from D:\Git\qmtrip\node_modules\gulp-watch\package.json
48 verbose installManyTop reading scoped package data from D:\Git\qmtrip\node_modules\gulp-yuidoc\package.json
49 verbose installManyTop reading scoped package data from D:\Git\qmtrip\node_modules\hidpi-canvas\package.json
50 verbose installManyTop reading scoped package data from D:\Git\qmtrip\node_modules\jquery\package.json
51 verbose installManyTop reading scoped package data from D:\Git\qmtrip\node_modules\jquery-ui\package.json
52 verbose installManyTop reading scoped package data from D:\Git\qmtrip\node_modules\js-format\package.json
53 verbose installManyTop reading scoped package data from D:\Git\qmtrip\node_modules\lessify\package.json
54 verbose installManyTop reading scoped package data from D:\Git\qmtrip\node_modules\lodash\package.json
55 verbose installManyTop reading scoped package data from D:\Git\qmtrip\node_modules\lunar-calendar\package.json
56 verbose installManyTop reading scoped package data from D:\Git\qmtrip\node_modules\md5\package.json
57 verbose installManyTop reading scoped package data from D:\Git\qmtrip\node_modules\moment\package.json
58 verbose installManyTop reading scoped package data from D:\Git\qmtrip\node_modules\morgan\package.json
59 verbose installManyTop reading scoped package data from D:\Git\qmtrip\node_modules\nan\package.json
60 verbose installManyTop reading scoped package data from D:\Git\qmtrip\node_modules\node-protobuf\package.json
61 verbose installManyTop reading scoped package data from D:\Git\qmtrip\node_modules\node-schedule\package.json
62 verbose installManyTop reading scoped package data from D:\Git\qmtrip\node_modules\node-uuid\package.json
63 verbose installManyTop reading scoped package data from D:\Git\qmtrip\node_modules\node-xlsx\package.json
64 verbose installManyTop reading scoped package data from D:\Git\qmtrip\node_modules\nodemailer\package.json
65 verbose installManyTop reading scoped package data from D:\Git\qmtrip\node_modules\notie\package.json
66 verbose installManyTop reading scoped package data from D:\Git\qmtrip\node_modules\pg\package.json
67 verbose installManyTop reading scoped package data from D:\Git\qmtrip\node_modules\pg-hstore\package.json
68 verbose installManyTop reading scoped package data from D:\Git\qmtrip\node_modules\pg-promise\package.json
69 verbose installManyTop reading scoped package data from D:\Git\qmtrip\node_modules\q\package.json
70 verbose installManyTop reading scoped package data from D:\Git\qmtrip\node_modules\reconnect-core\package.json
71 verbose installManyTop reading scoped package data from D:\Git\qmtrip\node_modules\redis\package.json
72 verbose installManyTop reading scoped package data from D:\Git\qmtrip\node_modules\request\package.json
73 verbose installManyTop reading scoped package data from D:\Git\qmtrip\node_modules\sequelize\package.json
74 verbose installManyTop reading scoped package data from D:\Git\qmtrip\node_modules\serve-favicon\package.json
75 verbose installManyTop reading scoped package data from D:\Git\qmtrip\node_modules\shoe\package.json
76 verbose installManyTop reading scoped package data from D:\Git\qmtrip\node_modules\stringify\package.json
77 verbose installManyTop reading scoped package data from D:\Git\qmtrip\node_modules\swiper\package.json
78 verbose installManyTop reading scoped package data from D:\Git\qmtrip\node_modules\through2\package.json
79 verbose installManyTop reading scoped package data from D:\Git\qmtrip\node_modules\tiny-cookie\package.json
80 verbose installManyTop reading scoped package data from D:\Git\qmtrip\node_modules\traverse\package.json
81 verbose installManyTop reading scoped package data from D:\Git\qmtrip\node_modules\typescript\package.json
82 verbose installManyTop reading scoped package data from D:\Git\qmtrip\node_modules\typescript-require\package.json
83 verbose installManyTop reading scoped package data from D:\Git\qmtrip\node_modules\utf-8-validate\package.json
84 verbose installManyTop reading scoped package data from D:\Git\qmtrip\node_modules\vinyl-buffer\package.json
85 verbose installManyTop reading scoped package data from D:\Git\qmtrip\node_modules\vinyl-source-stream\package.json
86 verbose installManyTop reading scoped package data from D:\Git\qmtrip\node_modules\watchify\package.json
87 verbose installManyTop reading scoped package data from D:\Git\qmtrip\node_modules\weak\package.json
88 verbose installManyTop reading scoped package data from D:\Git\qmtrip\node_modules\wechat-oauth\package.json
89 verbose installManyTop reading scoped package data from D:\Git\qmtrip\node_modules\ws\package.json
90 verbose installManyTop reading scoped package data from D:\Git\qmtrip\node_modules\yargs\package.json
91 info package.json arale-qrcode@3.0.5 No license field.
92 info package.json callsite@1.0.0 No repository field.
93 info package.json callsite@1.0.0 No license field.
94 info package.json dnode@1.2.2 No license field.
95 info package.json formidable@1.0.17 No license field.
96 info package.json angular-file-upload@2.2.0 No repository field.
97 info package.json angular-file-upload@2.2.0 No license field.
98 info package.json gulp-gzip@1.2.0 No license field.
99 info package.json gulp-streamify@1.0.2 No license field.
100 info package.json jquery-ui@1.10.5 No license field.
101 info package.json hidpi-canvas@1.0.9 license should be a valid SPDX license expression
102 info package.json node-protobuf@1.2.11 No license field.
103 info package.json node-schedule@0.6.0 No license field.
104 info package.json node-uuid@1.4.7 No license field.
105 info package.json node-xlsx@0.6.0 license should be a valid SPDX license expression
106 info package.json pg-hstore@2.3.2 No license field.
107 info package.json q@1.4.1 license should be a valid SPDX license expression
108 info package.json tiny-cookie@0.5.5 No license field.
109 info package.json lunar-calendar@0.1.4 No license field.
110 verbose readDependencies loading dependencies from D:\Git\qmtrip\package.json
111 verbose targetResolver reading package data from D:\Git\qmtrip\node_modules\angular\package.json
112 verbose targetResolver reading package data from D:\Git\qmtrip\node_modules\angular-file-upload\package.json
113 verbose targetResolver reading package data from D:\Git\qmtrip\node_modules\angular-route\package.json
114 verbose targetResolver reading package data from D:\Git\qmtrip\node_modules\angular-sanitize\package.json
115 verbose targetResolver reading package data from D:\Git\qmtrip\node_modules\angular-touch\package.json
116 verbose targetResolver reading package data from D:\Git\qmtrip\node_modules\angular-ui-router\package.json
117 verbose targetResolver reading package data from D:\Git\qmtrip\node_modules\app-module-path\package.json
118 verbose targetResolver reading package data from D:\Git\qmtrip\node_modules\arale-qrcode\package.json
119 verbose targetResolver reading package data from D:\Git\qmtrip\node_modules\bindings\package.json
120 verbose targetResolver reading package data from D:\Git\qmtrip\node_modules\bluebird\package.json
121 verbose targetResolver reading package data from D:\Git\qmtrip\node_modules\body-parser\package.json
122 verbose targetResolver reading package data from D:\Git\qmtrip\node_modules\bootstrap\package.json
123 verbose targetResolver reading package data from D:\Git\qmtrip\node_modules\browser-resolve\package.json
124 verbose targetResolver reading package data from D:\Git\qmtrip\node_modules\browserify\package.json
125 verbose targetResolver reading package data from D:\Git\qmtrip\node_modules\bufferutil\package.json
126 verbose targetResolver reading package data from D:\Git\qmtrip\node_modules\callsite\package.json
127 verbose targetResolver reading package data from D:\Git\qmtrip\node_modules\co\package.json
128 verbose targetResolver reading package data from D:\Git\qmtrip\node_modules\colors\package.json
129 verbose targetResolver reading package data from D:\Git\qmtrip\node_modules\connect-timeout\package.json
130 verbose targetResolver reading package data from D:\Git\qmtrip\node_modules\cookie-parser\package.json
131 verbose targetResolver reading package data from D:\Git\qmtrip\node_modules\del\package.json
132 verbose targetResolver reading package data from D:\Git\qmtrip\node_modules\dnode\package.json
133 verbose targetResolver reading package data from D:\Git\qmtrip\node_modules\exif-js\package.json
134 verbose targetResolver reading package data from D:\Git\qmtrip\node_modules\exif-orient\package.json
135 verbose targetResolver reading package data from D:\Git\qmtrip\node_modules\express\package.json
136 verbose targetResolver reading package data from D:\Git\qmtrip\node_modules\formidable\package.json
137 verbose targetResolver reading package data from D:\Git\qmtrip\node_modules\glob\package.json
138 verbose targetResolver reading package data from D:\Git\qmtrip\node_modules\gulp\package.json
139 verbose targetResolver reading package data from D:\Git\qmtrip\node_modules\gulp-eslint\package.json
140 verbose targetResolver reading package data from D:\Git\qmtrip\node_modules\gulp-filter\package.json
141 verbose targetResolver reading package data from D:\Git\qmtrip\node_modules\gulp-gzip\package.json
142 verbose targetResolver reading package data from D:\Git\qmtrip\node_modules\gulp-less-sourcemap\package.json
143 verbose targetResolver reading package data from D:\Git\qmtrip\node_modules\gulp-nodemon\package.json
144 verbose targetResolver reading package data from D:\Git\qmtrip\node_modules\gulp-sourcemaps\package.json
145 verbose targetResolver reading package data from D:\Git\qmtrip\node_modules\gulp-streamify\package.json
146 verbose targetResolver reading package data from D:\Git\qmtrip\node_modules\gulp-tar\package.json
147 verbose targetResolver reading package data from D:\Git\qmtrip\node_modules\gulp-uglify\package.json
148 verbose targetResolver reading package data from D:\Git\qmtrip\node_modules\gulp-util\package.json
149 verbose targetResolver reading package data from D:\Git\qmtrip\node_modules\gulp-watch\package.json
150 verbose targetResolver reading package data from D:\Git\qmtrip\node_modules\gulp-yuidoc\package.json
151 verbose targetResolver reading package data from D:\Git\qmtrip\node_modules\hidpi-canvas\package.json
152 verbose targetResolver reading package data from D:\Git\qmtrip\node_modules\jquery\package.json
153 verbose targetResolver reading package data from D:\Git\qmtrip\node_modules\jquery-ui\package.json
154 verbose targetResolver reading package data from D:\Git\qmtrip\node_modules\js-format\package.json
155 verbose targetResolver reading package data from D:\Git\qmtrip\node_modules\lessify\package.json
156 verbose targetResolver reading package data from D:\Git\qmtrip\node_modules\lodash\package.json
157 verbose targetResolver reading package data from D:\Git\qmtrip\node_modules\lunar-calendar\package.json
158 verbose targetResolver reading package data from D:\Git\qmtrip\node_modules\md5\package.json
159 verbose targetResolver reading package data from D:\Git\qmtrip\node_modules\moment\package.json
160 verbose targetResolver reading package data from D:\Git\qmtrip\node_modules\morgan\package.json
161 verbose targetResolver reading package data from D:\Git\qmtrip\node_modules\nan\package.json
162 verbose targetResolver reading package data from D:\Git\qmtrip\node_modules\node-protobuf\package.json
163 verbose targetResolver reading package data from D:\Git\qmtrip\node_modules\node-schedule\package.json
164 verbose targetResolver reading package data from D:\Git\qmtrip\node_modules\node-uuid\package.json
165 verbose targetResolver reading package data from D:\Git\qmtrip\node_modules\node-xlsx\package.json
166 verbose targetResolver reading package data from D:\Git\qmtrip\node_modules\nodemailer\package.json
167 verbose targetResolver reading package data from D:\Git\qmtrip\node_modules\notie\package.json
168 verbose targetResolver reading package data from D:\Git\qmtrip\node_modules\pg\package.json
169 verbose targetResolver reading package data from D:\Git\qmtrip\node_modules\pg-hstore\package.json
170 verbose targetResolver reading package data from D:\Git\qmtrip\node_modules\pg-promise\package.json
171 verbose targetResolver reading package data from D:\Git\qmtrip\node_modules\q\package.json
172 verbose targetResolver reading package data from D:\Git\qmtrip\node_modules\reconnect-core\package.json
173 verbose targetResolver reading package data from D:\Git\qmtrip\node_modules\redis\package.json
174 verbose targetResolver reading package data from D:\Git\qmtrip\node_modules\request\package.json
175 verbose targetResolver reading package data from D:\Git\qmtrip\node_modules\sequelize\package.json
176 verbose targetResolver reading package data from D:\Git\qmtrip\node_modules\serve-favicon\package.json
177 verbose targetResolver reading package data from D:\Git\qmtrip\node_modules\shoe\package.json
178 verbose targetResolver reading package data from D:\Git\qmtrip\node_modules\stringify\package.json
179 verbose targetResolver reading package data from D:\Git\qmtrip\node_modules\swiper\package.json
180 verbose targetResolver reading package data from D:\Git\qmtrip\node_modules\through2\package.json
181 verbose targetResolver reading package data from D:\Git\qmtrip\node_modules\tiny-cookie\package.json
182 verbose targetResolver reading package data from D:\Git\qmtrip\node_modules\traverse\package.json
183 verbose targetResolver reading package data from D:\Git\qmtrip\node_modules\typescript\package.json
184 verbose targetResolver reading package data from D:\Git\qmtrip\node_modules\typescript-require\package.json
185 verbose targetResolver reading package data from D:\Git\qmtrip\node_modules\utf-8-validate\package.json
186 verbose targetResolver reading package data from D:\Git\qmtrip\node_modules\vinyl-buffer\package.json
187 verbose targetResolver reading package data from D:\Git\qmtrip\node_modules\vinyl-source-stream\package.json
188 verbose targetResolver reading package data from D:\Git\qmtrip\node_modules\watchify\package.json
189 verbose targetResolver reading package data from D:\Git\qmtrip\node_modules\weak\package.json
190 verbose targetResolver reading package data from D:\Git\qmtrip\node_modules\wechat-oauth\package.json
191 verbose targetResolver reading package data from D:\Git\qmtrip\node_modules\ws\package.json
192 verbose targetResolver reading package data from D:\Git\qmtrip\node_modules\yargs\package.json
193 verbose targetResolver reading package data from D:\Git\qmtrip\node_modules\.bin\browserify\package.json
194 verbose targetResolver reading package data from D:\Git\qmtrip\node_modules\.bin\browserify.cmd\package.json
195 verbose targetResolver reading package data from D:\Git\qmtrip\node_modules\.bin\gulp\package.json
196 verbose targetResolver reading package data from D:\Git\qmtrip\node_modules\.bin\gulp.cmd\package.json
197 verbose targetResolver reading package data from D:\Git\qmtrip\node_modules\.bin\tsc\package.json
198 verbose targetResolver reading package data from D:\Git\qmtrip\node_modules\.bin\tsc.cmd\package.json
199 verbose targetResolver reading package data from D:\Git\qmtrip\node_modules\.bin\tsserver\package.json
200 verbose targetResolver reading package data from D:\Git\qmtrip\node_modules\.bin\tsserver.cmd\package.json
201 verbose targetResolver reading package data from D:\Git\qmtrip\node_modules\.bin\uuid\package.json
202 verbose targetResolver reading package data from D:\Git\qmtrip\node_modules\.bin\uuid.cmd\package.json
203 verbose targetResolver reading package data from D:\Git\qmtrip\node_modules\.bin\watchify\package.json
204 verbose targetResolver reading package data from D:\Git\qmtrip\node_modules\.bin\watchify.cmd\package.json
205 verbose already installed skipping formidable@^1.0.17 D:\Git\qmtrip
206 silly cache add args [ 'hidpi-canvas@github:newclear/hidpi-canvas-polyfill', null ]
207 verbose cache add spec hidpi-canvas@github:newclear/hidpi-canvas-polyfill
208 verbose already installed skipping js-format@^0.2.0 D:\Git\qmtrip
209 verbose already installed skipping lodash@^4.6.1 D:\Git\qmtrip
210 silly cache add parsed spec Result {
210 silly cache add   raw: 'hidpi-canvas@github:newclear/hidpi-canvas-polyfill',
210 silly cache add   scope: null,
210 silly cache add   name: 'hidpi-canvas',
210 silly cache add   rawSpec: 'github:newclear/hidpi-canvas-polyfill',
210 silly cache add   spec: 'github:newclear/hidpi-canvas-polyfill',
210 silly cache add   type: 'hosted',
210 silly cache add   hosted:
210 silly cache add    { type: 'github',
210 silly cache add      ssh: 'git@github.com:newclear/hidpi-canvas-polyfill.git',
210 silly cache add      sshUrl: 'git+ssh://git@github.com/newclear/hidpi-canvas-polyfill.git',
210 silly cache add      httpsUrl: 'git+https://github.com/newclear/hidpi-canvas-polyfill.git',
210 silly cache add      gitUrl: 'git://github.com/newclear/hidpi-canvas-polyfill.git',
210 silly cache add      shortcut: 'github:newclear/hidpi-canvas-polyfill',
210 silly cache add      directUrl: 'https://raw.githubusercontent.com/newclear/hidpi-canvas-polyfill/master/package.json' } }
211 verbose addRemoteGit caching github:newclear/hidpi-canvas-polyfill
212 verbose addRemoteGit newclear/hidpi-canvas-polyfill is a repository hosted by github
213 silly tryGitProto attempting to clone git://github.com/newclear/hidpi-canvas-polyfill.git
214 silly tryClone cloning newclear/hidpi-canvas-polyfill via git://github.com/newclear/hidpi-canvas-polyfill.git
215 verbose tryClone git-github-com-newclear-hidpi-canvas-polyfill-git-f41acc43 not in flight; caching
216 warn addRemoteGit Error: not found: git
216 warn addRemoteGit     at F (C:\Program Files\nodejs\node_modules\npm\node_modules\which\which.js:78:19)
216 warn addRemoteGit     at E (C:\Program Files\nodejs\node_modules\npm\node_modules\which\which.js:82:29)
216 warn addRemoteGit     at C:\Program Files\nodejs\node_modules\npm\node_modules\which\which.js:93:16
216 warn addRemoteGit     at FSReqWrap.oncomplete (fs.js:82:15)
216 warn addRemoteGit  newclear/hidpi-canvas-polyfill resetting remote C:\Users\Z\AppData\Roaming\npm-cache\_git-remotes\git-github-com-newclear-hidpi-canvas-polyfill-git-f41acc43 because of error: { [Error: not found: git] code: 'ENOGIT' }
217 info resetRemote resetting C:\Users\Z\AppData\Roaming\npm-cache\_git-remotes\git-github-com-newclear-hidpi-canvas-polyfill-git-f41acc43 for newclear/hidpi-canvas-polyfill
218 silly gentlyRm C:\Users\Z\AppData\Roaming\npm-cache\_git-remotes\git-github-com-newclear-hidpi-canvas-polyfill-git-f41acc43 is being purged
219 verbose gentlyRm don't care about contents; nuking C:\Users\Z\AppData\Roaming\npm-cache\_git-remotes\git-github-com-newclear-hidpi-canvas-polyfill-git-f41acc43
220 verbose already installed skipping lunar-calendar@^0.1.4 D:\Git\qmtrip
221 verbose already installed skipping moment@^2.11.2 D:\Git\qmtrip
222 verbose already installed skipping morgan@^1.7.0 D:\Git\qmtrip
223 verbose already installed skipping nan@^2.1.0 D:\Git\qmtrip
224 verbose already installed skipping node-schedule@^0.6.0 D:\Git\qmtrip
225 verbose already installed skipping node-uuid@^1.4.7 D:\Git\qmtrip
226 verbose already installed skipping node-xlsx@^0.6.0 D:\Git\qmtrip
227 verbose already installed skipping nodemailer@^1.10.0 D:\Git\qmtrip
228 verbose already installed skipping pg@^4.5.1 D:\Git\qmtrip
229 verbose already installed skipping pg-hstore@^2.3.2 D:\Git\qmtrip
230 verbose already installed skipping pg-promise@^2.9.5 D:\Git\qmtrip
231 verbose already installed skipping q@^1.4.1 D:\Git\qmtrip
232 verbose already installed skipping reconnect-core@^1.1.0 D:\Git\qmtrip
233 verbose already installed skipping redis@^2.4.2 D:\Git\qmtrip
234 verbose already installed skipping request@^2.69.0 D:\Git\qmtrip
235 silly vacuum-fs purging C:\Users\Z\AppData\Roaming\npm-cache\_git-remotes\git-github-com-newclear-hidpi-canvas-polyfill-git-f41acc43
236 verbose already installed skipping sequelize@^3.19.3 D:\Git\qmtrip
237 verbose already installed skipping serve-favicon@^2.3.0 D:\Git\qmtrip
238 verbose already installed skipping shoe@0.0.15 D:\Git\qmtrip
239 verbose already installed skipping tiny-cookie@^0.5.5 D:\Git\qmtrip
240 silly vacuum-fs quitting because other entries in C:\Users\Z\AppData\Roaming\npm-cache\_git-remotes
241 verbose already installed skipping traverse@^0.6.6 D:\Git\qmtrip
242 verbose already installed skipping typescript@^1.8.7 D:\Git\qmtrip
243 silly cache add args [ 'typescript-require@github:newclear/typescript-require',
243 silly cache add   null ]
244 verbose cache add spec typescript-require@github:newclear/typescript-require
245 verbose already installed skipping weak@^1.0.0 D:\Git\qmtrip
246 verbose already installed skipping wechat-oauth@^1.1.1 D:\Git\qmtrip
247 silly cache add parsed spec Result {
247 silly cache add   raw: 'typescript-require@github:newclear/typescript-require',
247 silly cache add   scope: null,
247 silly cache add   name: 'typescript-require',
247 silly cache add   rawSpec: 'github:newclear/typescript-require',
247 silly cache add   spec: 'github:newclear/typescript-require',
247 silly cache add   type: 'hosted',
247 silly cache add   hosted:
247 silly cache add    { type: 'github',
247 silly cache add      ssh: 'git@github.com:newclear/typescript-require.git',
247 silly cache add      sshUrl: 'git+ssh://git@github.com/newclear/typescript-require.git',
247 silly cache add      httpsUrl: 'git+https://github.com/newclear/typescript-require.git',
247 silly cache add      gitUrl: 'git://github.com/newclear/typescript-require.git',
247 silly cache add      shortcut: 'github:newclear/typescript-require',
247 silly cache add      directUrl: 'https://raw.githubusercontent.com/newclear/typescript-require/master/package.json' } }
248 verbose addRemoteGit caching github:newclear/typescript-require
249 verbose addRemoteGit newclear/typescript-require is a repository hosted by github
250 silly tryGitProto attempting to clone git://github.com/newclear/typescript-require.git
251 silly tryClone cloning newclear/typescript-require via git://github.com/newclear/typescript-require.git
252 verbose tryClone git-github-com-newclear-typescript-require-git-03983335 not in flight; caching
253 verbose already installed skipping angular@^1.5.0 D:\Git\qmtrip
254 verbose already installed skipping angular-file-upload@^2.2.0 D:\Git\qmtrip
255 verbose already installed skipping angular-route@^1.5.0 D:\Git\qmtrip
256 verbose already installed skipping angular-sanitize@^1.5.0 D:\Git\qmtrip
257 verbose already installed skipping angular-touch@^1.5.0 D:\Git\qmtrip
258 verbose already installed skipping angular-ui-router@^0.2.18 D:\Git\qmtrip
259 verbose already installed skipping arale-qrcode@^3.0.5 D:\Git\qmtrip
260 verbose already installed skipping bootstrap@^3.3.6 D:\Git\qmtrip
261 verbose already installed skipping browser-resolve@^1.11.1 D:\Git\qmtrip
262 verbose already installed skipping browserify@^12.0.1 D:\Git\qmtrip
263 verbose already installed skipping del@^2.2.0 D:\Git\qmtrip
264 verbose already installed skipping glob@^6.0.1 D:\Git\qmtrip
265 verbose already installed skipping gulp@^3.9.1 D:\Git\qmtrip
266 verbose already installed skipping gulp-eslint@^1.1.1 D:\Git\qmtrip
267 verbose already installed skipping gulp-filter@^3.0.1 D:\Git\qmtrip
268 verbose already installed skipping gulp-gzip@^1.2.0 D:\Git\qmtrip
269 verbose already installed skipping gulp-less-sourcemap@^1.4.2 D:\Git\qmtrip
270 verbose already installed skipping gulp-nodemon@^2.0.4 D:\Git\qmtrip
271 verbose already installed skipping gulp-sourcemaps@^1.6.0 D:\Git\qmtrip
272 verbose already installed skipping gulp-streamify@^1.0.2 D:\Git\qmtrip
273 verbose already installed skipping gulp-tar@^1.6.0 D:\Git\qmtrip
274 verbose already installed skipping gulp-uglify@^1.5.3 D:\Git\qmtrip
275 verbose already installed skipping gulp-util@^3.0.7 D:\Git\qmtrip
276 verbose already installed skipping gulp-watch@^4.3.5 D:\Git\qmtrip
277 verbose already installed skipping gulp-yuidoc@^0.1.2 D:\Git\qmtrip
278 error git clone --template=C:\Users\Z\AppData\Roaming\npm-cache\_git-remotes\_templates --mirror git://github.com/newclear/hidpi-canvas-polyfill.git C:\Users\Z\AppData\Roaming\npm-cache\_git-remotes\git-github-com-newclear-hidpi-canvas-polyfill-git-f41acc43: undefined
278 error git clone --template=C:\Users\Z\AppData\Roaming\npm-cache\_git-remotes\_templates --mirror git://github.com/newclear/hidpi-canvas-polyfill.git C:\Users\Z\AppData\Roaming\npm-cache\_git-remotes\git-github-com-newclear-hidpi-canvas-polyfill-git-f41acc43: undefined
279 silly tryHTTPS attempting to clone git+https://github.com/newclear/hidpi-canvas-polyfill.git
280 silly tryClone cloning newclear/hidpi-canvas-polyfill via git+https://github.com/newclear/hidpi-canvas-polyfill.git
281 verbose tryClone https-github-com-newclear-hidpi-canvas-polyfill-git-7276e35f not in flight; caching
282 warn addRemoteGit Error: not found: git
282 warn addRemoteGit     at F (C:\Program Files\nodejs\node_modules\npm\node_modules\which\which.js:78:19)
282 warn addRemoteGit     at E (C:\Program Files\nodejs\node_modules\npm\node_modules\which\which.js:82:29)
282 warn addRemoteGit     at C:\Program Files\nodejs\node_modules\npm\node_modules\which\which.js:93:16
282 warn addRemoteGit     at FSReqWrap.oncomplete (fs.js:82:15)
282 warn addRemoteGit  newclear/typescript-require resetting remote C:\Users\Z\AppData\Roaming\npm-cache\_git-remotes\git-github-com-newclear-typescript-require-git-03983335 because of error: { [Error: not found: git] code: 'ENOGIT' }
283 info resetRemote resetting C:\Users\Z\AppData\Roaming\npm-cache\_git-remotes\git-github-com-newclear-typescript-require-git-03983335 for newclear/typescript-require
284 silly gentlyRm C:\Users\Z\AppData\Roaming\npm-cache\_git-remotes\git-github-com-newclear-typescript-require-git-03983335 is being purged
285 verbose gentlyRm don't care about contents; nuking C:\Users\Z\AppData\Roaming\npm-cache\_git-remotes\git-github-com-newclear-typescript-require-git-03983335
286 silly vacuum-fs purging C:\Users\Z\AppData\Roaming\npm-cache\_git-remotes\git-github-com-newclear-typescript-require-git-03983335
287 silly vacuum-fs quitting because other entries in C:\Users\Z\AppData\Roaming\npm-cache\_git-remotes
288 verbose already installed skipping jquery@^2.2.1 D:\Git\qmtrip
289 verbose already installed skipping jquery-ui@^1.10.5 D:\Git\qmtrip
290 verbose already installed skipping lessify@^1.0.1 D:\Git\qmtrip
291 warn addRemoteGit Error: not found: git
291 warn addRemoteGit     at F (C:\Program Files\nodejs\node_modules\npm\node_modules\which\which.js:78:19)
291 warn addRemoteGit     at E (C:\Program Files\nodejs\node_modules\npm\node_modules\which\which.js:82:29)
291 warn addRemoteGit     at C:\Program Files\nodejs\node_modules\npm\node_modules\which\which.js:93:16
291 warn addRemoteGit     at FSReqWrap.oncomplete (fs.js:82:15)
291 warn addRemoteGit  newclear/hidpi-canvas-polyfill resetting remote C:\Users\Z\AppData\Roaming\npm-cache\_git-remotes\https-github-com-newclear-hidpi-canvas-polyfill-git-7276e35f because of error: { [Error: not found: git] code: 'ENOGIT' }
292 info resetRemote resetting C:\Users\Z\AppData\Roaming\npm-cache\_git-remotes\https-github-com-newclear-hidpi-canvas-polyfill-git-7276e35f for newclear/hidpi-canvas-polyfill
293 silly gentlyRm C:\Users\Z\AppData\Roaming\npm-cache\_git-remotes\https-github-com-newclear-hidpi-canvas-polyfill-git-7276e35f is being purged
294 verbose gentlyRm don't care about contents; nuking C:\Users\Z\AppData\Roaming\npm-cache\_git-remotes\https-github-com-newclear-hidpi-canvas-polyfill-git-7276e35f
295 verbose already installed skipping md5@^2.0.0 D:\Git\qmtrip
296 verbose already installed skipping notie@^2.1.0 D:\Git\qmtrip
297 verbose already installed skipping stringify@^5.1.0 D:\Git\qmtrip
298 verbose already installed skipping swiper@^3.3.1 D:\Git\qmtrip
299 verbose already installed skipping through2@^2.0.1 D:\Git\qmtrip
300 verbose already installed skipping vinyl-buffer@^1.0.0 D:\Git\qmtrip
301 verbose already installed skipping vinyl-source-stream@^1.1.0 D:\Git\qmtrip
302 verbose already installed skipping watchify@^3.6.1 D:\Git\qmtrip
303 verbose already installed skipping ws@^1.0.0 D:\Git\qmtrip
304 verbose already installed skipping yargs@^3.32.0 D:\Git\qmtrip
305 verbose already installed skipping app-module-path@^1.0.5 D:\Git\qmtrip
306 verbose already installed skipping bindings@^1.2.1 D:\Git\qmtrip
307 verbose already installed skipping bluebird@^3.3.3 D:\Git\qmtrip
308 verbose already installed skipping body-parser@^1.15.0 D:\Git\qmtrip
309 verbose already installed skipping callsite@^1.0.0 D:\Git\qmtrip
310 silly vacuum-fs purging C:\Users\Z\AppData\Roaming\npm-cache\_git-remotes\https-github-com-newclear-hidpi-canvas-polyfill-git-7276e35f
311 verbose already installed skipping co@^4.6.0 D:\Git\qmtrip
312 silly vacuum-fs quitting because other entries in C:\Users\Z\AppData\Roaming\npm-cache\_git-remotes
313 verbose already installed skipping colors@^1.1.2 D:\Git\qmtrip
314 verbose already installed skipping connect-timeout@^1.7.0 D:\Git\qmtrip
315 error git clone --template=C:\Users\Z\AppData\Roaming\npm-cache\_git-remotes\_templates --mirror git://github.com/newclear/typescript-require.git C:\Users\Z\AppData\Roaming\npm-cache\_git-remotes\git-github-com-newclear-typescript-require-git-03983335: undefined
315 error git clone --template=C:\Users\Z\AppData\Roaming\npm-cache\_git-remotes\_templates --mirror git://github.com/newclear/typescript-require.git C:\Users\Z\AppData\Roaming\npm-cache\_git-remotes\git-github-com-newclear-typescript-require-git-03983335: undefined
316 silly tryHTTPS attempting to clone git+https://github.com/newclear/typescript-require.git
317 silly tryClone cloning newclear/typescript-require via git+https://github.com/newclear/typescript-require.git
318 verbose tryClone https-github-com-newclear-typescript-require-git-e00587bc not in flight; caching
319 verbose already installed skipping cookie-parser@^1.4.1 D:\Git\qmtrip
320 verbose already installed skipping dnode@^1.2.2 D:\Git\qmtrip
321 silly cache add args [ 'exif-js@github:exif-js/exif-js', null ]
322 verbose cache add spec exif-js@github:exif-js/exif-js
323 verbose already installed skipping exif-orient@0.0.4 D:\Git\qmtrip
324 silly cache add parsed spec Result {
324 silly cache add   raw: 'exif-js@github:exif-js/exif-js',
324 silly cache add   scope: null,
324 silly cache add   name: 'exif-js',
324 silly cache add   rawSpec: 'github:exif-js/exif-js',
324 silly cache add   spec: 'github:exif-js/exif-js',
324 silly cache add   type: 'hosted',
324 silly cache add   hosted:
324 silly cache add    { type: 'github',
324 silly cache add      ssh: 'git@github.com:exif-js/exif-js.git',
324 silly cache add      sshUrl: 'git+ssh://git@github.com/exif-js/exif-js.git',
324 silly cache add      httpsUrl: 'git+https://github.com/exif-js/exif-js.git',
324 silly cache add      gitUrl: 'git://github.com/exif-js/exif-js.git',
324 silly cache add      shortcut: 'github:exif-js/exif-js',
324 silly cache add      directUrl: 'https://raw.githubusercontent.com/exif-js/exif-js/master/package.json' } }
325 verbose addRemoteGit caching github:exif-js/exif-js
326 verbose addRemoteGit exif-js/exif-js is a repository hosted by github
327 silly tryGitProto attempting to clone git://github.com/exif-js/exif-js.git
328 silly tryClone cloning exif-js/exif-js via git://github.com/exif-js/exif-js.git
329 verbose tryClone git-github-com-exif-js-exif-js-git-f1aaed10 not in flight; caching
330 verbose already installed skipping express@^4.13.4 D:\Git\qmtrip
331 error git clone --template=C:\Users\Z\AppData\Roaming\npm-cache\_git-remotes\_templates --mirror https://github.com/newclear/hidpi-canvas-polyfill.git C:\Users\Z\AppData\Roaming\npm-cache\_git-remotes\https-github-com-newclear-hidpi-canvas-polyfill-git-7276e35f: undefined
331 error git clone --template=C:\Users\Z\AppData\Roaming\npm-cache\_git-remotes\_templates --mirror https://github.com/newclear/hidpi-canvas-polyfill.git C:\Users\Z\AppData\Roaming\npm-cache\_git-remotes\https-github-com-newclear-hidpi-canvas-polyfill-git-7276e35f: undefined
332 silly trySSH attempting to clone git@github.com:newclear/hidpi-canvas-polyfill.git
333 silly tryClone cloning newclear/hidpi-canvas-polyfill via git@github.com:newclear/hidpi-canvas-polyfill.git
334 verbose tryClone git-github-com-newclear-hidpi-canvas-polyfill-git-a921e75f not in flight; caching
335 warn addRemoteGit Error: not found: git
335 warn addRemoteGit     at F (C:\Program Files\nodejs\node_modules\npm\node_modules\which\which.js:78:19)
335 warn addRemoteGit     at E (C:\Program Files\nodejs\node_modules\npm\node_modules\which\which.js:82:29)
335 warn addRemoteGit     at C:\Program Files\nodejs\node_modules\npm\node_modules\which\which.js:93:16
335 warn addRemoteGit     at FSReqWrap.oncomplete (fs.js:82:15)
335 warn addRemoteGit  newclear/typescript-require resetting remote C:\Users\Z\AppData\Roaming\npm-cache\_git-remotes\https-github-com-newclear-typescript-require-git-e00587bc because of error: { [Error: not found: git] code: 'ENOGIT' }
336 info resetRemote resetting C:\Users\Z\AppData\Roaming\npm-cache\_git-remotes\https-github-com-newclear-typescript-require-git-e00587bc for newclear/typescript-require
337 silly gentlyRm C:\Users\Z\AppData\Roaming\npm-cache\_git-remotes\https-github-com-newclear-typescript-require-git-e00587bc is being purged
338 verbose gentlyRm don't care about contents; nuking C:\Users\Z\AppData\Roaming\npm-cache\_git-remotes\https-github-com-newclear-typescript-require-git-e00587bc
339 silly vacuum-fs purging C:\Users\Z\AppData\Roaming\npm-cache\_git-remotes\https-github-com-newclear-typescript-require-git-e00587bc
340 warn addRemoteGit Error: not found: git
340 warn addRemoteGit     at F (C:\Program Files\nodejs\node_modules\npm\node_modules\which\which.js:78:19)
340 warn addRemoteGit     at E (C:\Program Files\nodejs\node_modules\npm\node_modules\which\which.js:82:29)
340 warn addRemoteGit     at C:\Program Files\nodejs\node_modules\npm\node_modules\which\which.js:93:16
340 warn addRemoteGit     at FSReqWrap.oncomplete (fs.js:82:15)
340 warn addRemoteGit  exif-js/exif-js resetting remote C:\Users\Z\AppData\Roaming\npm-cache\_git-remotes\git-github-com-exif-js-exif-js-git-f1aaed10 because of error: { [Error: not found: git] code: 'ENOGIT' }
341 info resetRemote resetting C:\Users\Z\AppData\Roaming\npm-cache\_git-remotes\git-github-com-exif-js-exif-js-git-f1aaed10 for exif-js/exif-js
342 silly gentlyRm C:\Users\Z\AppData\Roaming\npm-cache\_git-remotes\git-github-com-exif-js-exif-js-git-f1aaed10 is being purged
343 verbose gentlyRm don't care about contents; nuking C:\Users\Z\AppData\Roaming\npm-cache\_git-remotes\git-github-com-exif-js-exif-js-git-f1aaed10
344 silly vacuum-fs quitting because other entries in C:\Users\Z\AppData\Roaming\npm-cache\_git-remotes
345 silly vacuum-fs purging C:\Users\Z\AppData\Roaming\npm-cache\_git-remotes\git-github-com-exif-js-exif-js-git-f1aaed10
346 silly vacuum-fs quitting because other entries in C:\Users\Z\AppData\Roaming\npm-cache\_git-remotes
347 warn addRemoteGit Error: not found: git
347 warn addRemoteGit     at F (C:\Program Files\nodejs\node_modules\npm\node_modules\which\which.js:78:19)
347 warn addRemoteGit     at E (C:\Program Files\nodejs\node_modules\npm\node_modules\which\which.js:82:29)
347 warn addRemoteGit     at C:\Program Files\nodejs\node_modules\npm\node_modules\which\which.js:93:16
347 warn addRemoteGit     at FSReqWrap.oncomplete (fs.js:82:15)
347 warn addRemoteGit  newclear/hidpi-canvas-polyfill resetting remote C:\Users\Z\AppData\Roaming\npm-cache\_git-remotes\git-github-com-newclear-hidpi-canvas-polyfill-git-a921e75f because of error: { [Error: not found: git] code: 'ENOGIT' }
348 info resetRemote resetting C:\Users\Z\AppData\Roaming\npm-cache\_git-remotes\git-github-com-newclear-hidpi-canvas-polyfill-git-a921e75f for newclear/hidpi-canvas-polyfill
349 silly gentlyRm C:\Users\Z\AppData\Roaming\npm-cache\_git-remotes\git-github-com-newclear-hidpi-canvas-polyfill-git-a921e75f is being purged
350 verbose gentlyRm don't care about contents; nuking C:\Users\Z\AppData\Roaming\npm-cache\_git-remotes\git-github-com-newclear-hidpi-canvas-polyfill-git-a921e75f
351 silly vacuum-fs purging C:\Users\Z\AppData\Roaming\npm-cache\_git-remotes\git-github-com-newclear-hidpi-canvas-polyfill-git-a921e75f
352 silly vacuum-fs quitting because other entries in C:\Users\Z\AppData\Roaming\npm-cache\_git-remotes
353 error git clone --template=C:\Users\Z\AppData\Roaming\npm-cache\_git-remotes\_templates --mirror https://github.com/newclear/typescript-require.git C:\Users\Z\AppData\Roaming\npm-cache\_git-remotes\https-github-com-newclear-typescript-require-git-e00587bc: undefined
353 error git clone --template=C:\Users\Z\AppData\Roaming\npm-cache\_git-remotes\_templates --mirror https://github.com/newclear/typescript-require.git C:\Users\Z\AppData\Roaming\npm-cache\_git-remotes\https-github-com-newclear-typescript-require-git-e00587bc: undefined
354 silly trySSH attempting to clone git@github.com:newclear/typescript-require.git
355 silly tryClone cloning newclear/typescript-require via git@github.com:newclear/typescript-require.git
356 verbose tryClone git-github-com-newclear-typescript-require-git-19a34a55 not in flight; caching
357 error git clone --template=C:\Users\Z\AppData\Roaming\npm-cache\_git-remotes\_templates --mirror git://github.com/exif-js/exif-js.git C:\Users\Z\AppData\Roaming\npm-cache\_git-remotes\git-github-com-exif-js-exif-js-git-f1aaed10: undefined
357 error git clone --template=C:\Users\Z\AppData\Roaming\npm-cache\_git-remotes\_templates --mirror git://github.com/exif-js/exif-js.git C:\Users\Z\AppData\Roaming\npm-cache\_git-remotes\git-github-com-exif-js-exif-js-git-f1aaed10: undefined
358 silly tryHTTPS attempting to clone git+https://github.com/exif-js/exif-js.git
359 silly tryClone cloning exif-js/exif-js via git+https://github.com/exif-js/exif-js.git
360 verbose tryClone https-github-com-exif-js-exif-js-git-1823f796 not in flight; caching
361 error git clone --template=C:\Users\Z\AppData\Roaming\npm-cache\_git-remotes\_templates --mirror git@github.com:newclear/hidpi-canvas-polyfill.git C:\Users\Z\AppData\Roaming\npm-cache\_git-remotes\git-github-com-newclear-hidpi-canvas-polyfill-git-a921e75f: undefined
361 error git clone --template=C:\Users\Z\AppData\Roaming\npm-cache\_git-remotes\_templates --mirror git@github.com:newclear/hidpi-canvas-polyfill.git C:\Users\Z\AppData\Roaming\npm-cache\_git-remotes\git-github-com-newclear-hidpi-canvas-polyfill-git-a921e75f: undefined
362 warn addRemoteGit Error: not found: git
362 warn addRemoteGit     at F (C:\Program Files\nodejs\node_modules\npm\node_modules\which\which.js:78:19)
362 warn addRemoteGit     at E (C:\Program Files\nodejs\node_modules\npm\node_modules\which\which.js:82:29)
362 warn addRemoteGit     at C:\Program Files\nodejs\node_modules\npm\node_modules\which\which.js:93:16
362 warn addRemoteGit     at FSReqWrap.oncomplete (fs.js:82:15)
362 warn addRemoteGit  newclear/typescript-require resetting remote C:\Users\Z\AppData\Roaming\npm-cache\_git-remotes\git-github-com-newclear-typescript-require-git-19a34a55 because of error: { [Error: not found: git] code: 'ENOGIT' }
363 info resetRemote resetting C:\Users\Z\AppData\Roaming\npm-cache\_git-remotes\git-github-com-newclear-typescript-require-git-19a34a55 for newclear/typescript-require
364 silly gentlyRm C:\Users\Z\AppData\Roaming\npm-cache\_git-remotes\git-github-com-newclear-typescript-require-git-19a34a55 is being purged
365 verbose gentlyRm don't care about contents; nuking C:\Users\Z\AppData\Roaming\npm-cache\_git-remotes\git-github-com-newclear-typescript-require-git-19a34a55
366 silly vacuum-fs purging C:\Users\Z\AppData\Roaming\npm-cache\_git-remotes\git-github-com-newclear-typescript-require-git-19a34a55
367 warn addRemoteGit Error: not found: git
367 warn addRemoteGit     at F (C:\Program Files\nodejs\node_modules\npm\node_modules\which\which.js:78:19)
367 warn addRemoteGit     at E (C:\Program Files\nodejs\node_modules\npm\node_modules\which\which.js:82:29)
367 warn addRemoteGit     at C:\Program Files\nodejs\node_modules\npm\node_modules\which\which.js:93:16
367 warn addRemoteGit     at FSReqWrap.oncomplete (fs.js:82:15)
367 warn addRemoteGit  exif-js/exif-js resetting remote C:\Users\Z\AppData\Roaming\npm-cache\_git-remotes\https-github-com-exif-js-exif-js-git-1823f796 because of error: { [Error: not found: git] code: 'ENOGIT' }
368 info resetRemote resetting C:\Users\Z\AppData\Roaming\npm-cache\_git-remotes\https-github-com-exif-js-exif-js-git-1823f796 for exif-js/exif-js
369 silly gentlyRm C:\Users\Z\AppData\Roaming\npm-cache\_git-remotes\https-github-com-exif-js-exif-js-git-1823f796 is being purged
370 verbose gentlyRm don't care about contents; nuking C:\Users\Z\AppData\Roaming\npm-cache\_git-remotes\https-github-com-exif-js-exif-js-git-1823f796
371 silly vacuum-fs quitting because other entries in C:\Users\Z\AppData\Roaming\npm-cache\_git-remotes
372 silly vacuum-fs purging C:\Users\Z\AppData\Roaming\npm-cache\_git-remotes\https-github-com-exif-js-exif-js-git-1823f796
373 silly vacuum-fs quitting because other entries in C:\Users\Z\AppData\Roaming\npm-cache\_git-remotes
374 error git clone --template=C:\Users\Z\AppData\Roaming\npm-cache\_git-remotes\_templates --mirror git@github.com:newclear/typescript-require.git C:\Users\Z\AppData\Roaming\npm-cache\_git-remotes\git-github-com-newclear-typescript-require-git-19a34a55: undefined
374 error git clone --template=C:\Users\Z\AppData\Roaming\npm-cache\_git-remotes\_templates --mirror git@github.com:newclear/typescript-require.git C:\Users\Z\AppData\Roaming\npm-cache\_git-remotes\git-github-com-newclear-typescript-require-git-19a34a55: undefined
375 error git clone --template=C:\Users\Z\AppData\Roaming\npm-cache\_git-remotes\_templates --mirror https://github.com/exif-js/exif-js.git C:\Users\Z\AppData\Roaming\npm-cache\_git-remotes\https-github-com-exif-js-exif-js-git-1823f796: undefined
375 error git clone --template=C:\Users\Z\AppData\Roaming\npm-cache\_git-remotes\_templates --mirror https://github.com/exif-js/exif-js.git C:\Users\Z\AppData\Roaming\npm-cache\_git-remotes\https-github-com-exif-js-exif-js-git-1823f796: undefined
376 silly trySSH attempting to clone git@github.com:exif-js/exif-js.git
377 silly tryClone cloning exif-js/exif-js via git@github.com:exif-js/exif-js.git
378 verbose tryClone git-github-com-exif-js-exif-js-git-c63e5cfd not in flight; caching
379 warn addRemoteGit Error: not found: git
379 warn addRemoteGit     at F (C:\Program Files\nodejs\node_modules\npm\node_modules\which\which.js:78:19)
379 warn addRemoteGit     at E (C:\Program Files\nodejs\node_modules\npm\node_modules\which\which.js:82:29)
379 warn addRemoteGit     at C:\Program Files\nodejs\node_modules\npm\node_modules\which\which.js:93:16
379 warn addRemoteGit     at FSReqWrap.oncomplete (fs.js:82:15)
379 warn addRemoteGit  exif-js/exif-js resetting remote C:\Users\Z\AppData\Roaming\npm-cache\_git-remotes\git-github-com-exif-js-exif-js-git-c63e5cfd because of error: { [Error: not found: git] code: 'ENOGIT' }
380 info resetRemote resetting C:\Users\Z\AppData\Roaming\npm-cache\_git-remotes\git-github-com-exif-js-exif-js-git-c63e5cfd for exif-js/exif-js
381 silly gentlyRm C:\Users\Z\AppData\Roaming\npm-cache\_git-remotes\git-github-com-exif-js-exif-js-git-c63e5cfd is being purged
382 verbose gentlyRm don't care about contents; nuking C:\Users\Z\AppData\Roaming\npm-cache\_git-remotes\git-github-com-exif-js-exif-js-git-c63e5cfd
383 silly vacuum-fs purging C:\Users\Z\AppData\Roaming\npm-cache\_git-remotes\git-github-com-exif-js-exif-js-git-c63e5cfd
384 silly vacuum-fs quitting because other entries in C:\Users\Z\AppData\Roaming\npm-cache\_git-remotes
385 error git clone --template=C:\Users\Z\AppData\Roaming\npm-cache\_git-remotes\_templates --mirror git@github.com:exif-js/exif-js.git C:\Users\Z\AppData\Roaming\npm-cache\_git-remotes\git-github-com-exif-js-exif-js-git-c63e5cfd: undefined
385 error git clone --template=C:\Users\Z\AppData\Roaming\npm-cache\_git-remotes\_templates --mirror git@github.com:exif-js/exif-js.git C:\Users\Z\AppData\Roaming\npm-cache\_git-remotes\git-github-com-exif-js-exif-js-git-c63e5cfd: undefined
386 verbose stack Error: not found: git
386 verbose stack     at F (C:\Program Files\nodejs\node_modules\npm\node_modules\which\which.js:78:19)
386 verbose stack     at E (C:\Program Files\nodejs\node_modules\npm\node_modules\which\which.js:82:29)
386 verbose stack     at C:\Program Files\nodejs\node_modules\npm\node_modules\which\which.js:93:16
386 verbose stack     at FSReqWrap.oncomplete (fs.js:82:15)
387 verbose cwd D:\Git\qmtrip
388 error Windows_NT 6.1.7601
389 error argv "C:\\Program Files\\nodejs\\node.exe" "C:\\Program Files\\nodejs\\node_modules\\npm\\bin\\npm-cli.js" "install"
390 error node v4.3.2
391 error npm  v2.14.12
392 error code ENOGIT
393 error not found: git
394 error Failed using git.
394 error This is most likely not a problem with npm itself.
394 error Please check if you have git installed and in your PATH.
395 verbose exit [ 1, true ]
